<?xml version="1.0" encoding="UTF-8"?>
<testsuite name="com.back.sbb.SbbApplicationTests" tests="1" skipped="0" failures="0" errors="0" timestamp="2025-12-30T02:39:58.870Z" hostname="DESKTOP-MCPBH7G" time="0.959">
  <properties/>
  <testcase name="testJpa()" classname="com.back.sbb.SbbApplicationTests" time="0.959"/>
  <system-out><![CDATA[11:39:54.070 [Test worker] INFO org.springframework.test.context.support.AnnotationConfigContextLoaderUtils -- Could not detect default configuration classes for test class [com.back.sbb.SbbApplicationTests]: SbbApplicationTests does not declare any static, non-private, non-final, nested classes annotated with @Configuration.
11:39:54.178 [Test worker] INFO org.springframework.boot.test.context.SpringBootTestContextBootstrapper -- Found @SpringBootConfiguration com.back.sbb.JsbApplication for test class com.back.sbb.SbbApplicationTests

  .   ____          _            __ _ _
 /\\ / ___'_ __ _ _(_)_ __  __ _ \ \ \ \
( ( )\___ | '_ | '_| | '_ \/ _` | \ \ \ \
 \\/  ___)| |_)| | | | | || (_| |  ) ) ) )
  '  |____| .__|_| |_|_| |_\__, | / / / /
 =========|_|==============|___/=/_/_/_/
 :: Spring Boot ::                (v3.2.0)

2025-12-30T11:39:54.519+09:00  INFO 34108 --- [    Test worker] com.back.sbb.SbbApplicationTests         : Starting SbbApplicationTests using Java 21.0.2 with PID 34108 (started by njwwn in C:\Users\njwwn\Downloads\jsb)
2025-12-30T11:39:54.520+09:00  INFO 34108 --- [    Test worker] com.back.sbb.SbbApplicationTests         : No active profile set, falling back to 1 default profile: "default"
2025-12-30T11:39:55.247+09:00  INFO 34108 --- [    Test worker] .s.d.r.c.RepositoryConfigurationDelegate : Bootstrapping Spring Data JPA repositories in DEFAULT mode.
2025-12-30T11:39:55.301+09:00  INFO 34108 --- [    Test worker] .s.d.r.c.RepositoryConfigurationDelegate : Finished Spring Data repository scanning in 47 ms. Found 3 JPA repository interfaces.
2025-12-30T11:39:55.746+09:00  INFO 34108 --- [    Test worker] o.hibernate.jpa.internal.util.LogHelper  : HHH000204: Processing PersistenceUnitInfo [name: default]
2025-12-30T11:39:55.807+09:00  INFO 34108 --- [    Test worker] org.hibernate.Version                    : HHH000412: Hibernate ORM core version 6.3.1.Final
2025-12-30T11:39:55.842+09:00  INFO 34108 --- [    Test worker] o.h.c.internal.RegionFactoryInitiator    : HHH000026: Second-level cache disabled
2025-12-30T11:39:56.074+09:00  INFO 34108 --- [    Test worker] o.s.o.j.p.SpringPersistenceUnitInfo      : No LoadTimeWeaver setup: ignoring JPA class transformer
2025-12-30T11:39:56.100+09:00  INFO 34108 --- [    Test worker] com.zaxxer.hikari.HikariDataSource       : HikariPool-1 - Starting...
2025-12-30T11:39:56.323+09:00  INFO 34108 --- [    Test worker] com.zaxxer.hikari.pool.HikariPool        : HikariPool-1 - Added connection conn0: url=jdbc:h2:~/local user=SA
2025-12-30T11:39:56.325+09:00  INFO 34108 --- [    Test worker] com.zaxxer.hikari.HikariDataSource       : HikariPool-1 - Start completed.
2025-12-30T11:39:56.349+09:00  WARN 34108 --- [    Test worker] org.hibernate.orm.deprecation            : HHH90000025: H2Dialect does not need to be specified explicitly using 'hibernate.dialect' (remove the property setting and it will be selected by default)
2025-12-30T11:39:57.251+09:00  INFO 34108 --- [    Test worker] o.h.e.t.j.p.i.JtaPlatformInitiator       : HHH000489: No JTA platform available (set 'hibernate.transaction.jta.platform' to enable JTA platform integration)
2025-12-30T11:39:57.312+09:00  INFO 34108 --- [    Test worker] j.LocalContainerEntityManagerFactoryBean : Initialized JPA EntityManagerFactory for persistence unit 'default'
2025-12-30T11:39:57.639+09:00  INFO 34108 --- [    Test worker] o.s.d.j.r.query.QueryEnhancerFactory     : Hibernate is in classpath; If applicable, HQL parser will be used.
2025-12-30T11:39:58.175+09:00  WARN 34108 --- [    Test worker] JpaBaseConfiguration$JpaWebConfiguration : spring.jpa.open-in-view is enabled by default. Therefore, database queries may be performed during view rendering. Explicitly configure spring.jpa.open-in-view to disable this warning
2025-12-30T11:39:58.494+09:00  INFO 34108 --- [    Test worker] o.s.s.web.DefaultSecurityFilterChain     : Will secure any request with [org.springframework.security.web.session.DisableEncodeUrlFilter@ecd3a9b, org.springframework.security.web.context.request.async.WebAsyncManagerIntegrationFilter@58d9cd6, org.springframework.security.web.context.SecurityContextHolderFilter@25c6a9de, org.springframework.security.web.header.HeaderWriterFilter@2cb3bc0e, org.springframework.web.filter.CorsFilter@21ad0060, org.springframework.security.web.csrf.CsrfFilter@10e542f3, org.springframework.security.web.authentication.logout.LogoutFilter@52268f73, org.springframework.security.web.authentication.UsernamePasswordAuthenticationFilter@310045fc, org.springframework.security.web.savedrequest.RequestCacheAwareFilter@3c9cd930, org.springframework.security.web.servletapi.SecurityContextHolderAwareRequestFilter@5dcbdcb9, org.springframework.security.web.authentication.AnonymousAuthenticationFilter@5233b7ad, org.springframework.security.web.access.ExceptionTranslationFilter@7e8e111d, org.springframework.security.web.access.intercept.AuthorizationFilter@6dc010a2]
2025-12-30T11:39:58.791+09:00  INFO 34108 --- [    Test worker] o.s.b.a.h2.H2ConsoleAutoConfiguration    : H2 console available at '/h2-console'. Database available at 'jdbc:h2:~/local'
2025-12-30T11:39:58.855+09:00  INFO 34108 --- [    Test worker] com.back.sbb.SbbApplicationTests         : Started SbbApplicationTests in 4.543 seconds (process running for 5.581)
Hibernate: insert into question (author_id,content,create_date,modify_date,subject,id) values (?,?,?,?,?,default)
Hibernate: insert into question (author_id,content,create_date,modify_date,subject,id) values (?,?,?,?,?,default)
Hibernate: insert into question (author_id,content,create_date,modify_date,subject,id) values (?,?,?,?,?,default)
Hibernate: insert into question (author_id,content,create_date,modify_date,subject,id) values (?,?,?,?,?,default)
Hibernate: insert into question (author_id,content,create_date,modify_date,subject,id) values (?,?,?,?,?,default)
Hibernate: insert into question (author_id,content,create_date,modify_date,subject,id) values (?,?,?,?,?,default)
Hibernate: insert into question (author_id,content,create_date,modify_date,subject,id) values (?,?,?,?,?,default)
Hibernate: insert into question (author_id,content,create_date,modify_date,subject,id) values (?,?,?,?,?,default)
Hibernate: insert into question (author_id,content,create_date,modify_date,subject,id) values (?,?,?,?,?,default)
Hibernate: insert into question (author_id,content,create_date,modify_date,subject,id) values (?,?,?,?,?,default)
Hibernate: insert into question (author_id,content,create_date,modify_date,subject,id) values (?,?,?,?,?,default)
Hibernate: insert into question (author_id,content,create_date,modify_date,subject,id) values (?,?,?,?,?,default)
Hibernate: insert into question (author_id,content,create_date,modify_date,subject,id) values (?,?,?,?,?,default)
Hibernate: insert into question (author_id,content,create_date,modify_date,subject,id) values (?,?,?,?,?,default)
Hibernate: insert into question (author_id,content,create_date,modify_date,subject,id) values (?,?,?,?,?,default)
Hibernate: insert into question (author_id,content,create_date,modify_date,subject,id) values (?,?,?,?,?,default)
Hibernate: insert into question (author_id,content,create_date,modify_date,subject,id) values (?,?,?,?,?,default)
Hibernate: insert into question (author_id,content,create_date,modify_date,subject,id) values (?,?,?,?,?,default)
Hibernate: insert into question (author_id,content,create_date,modify_date,subject,id) values (?,?,?,?,?,default)
Hibernate: insert into question (author_id,content,create_date,modify_date,subject,id) values (?,?,?,?,?,default)
Hibernate: insert into question (author_id,content,create_date,modify_date,subject,id) values (?,?,?,?,?,default)
Hibernate: insert into question (author_id,content,create_date,modify_date,subject,id) values (?,?,?,?,?,default)
Hibernate: insert into question (author_id,content,create_date,modify_date,subject,id) values (?,?,?,?,?,default)
Hibernate: insert into question (author_id,content,create_date,modify_date,subject,id) values (?,?,?,?,?,default)
Hibernate: insert into question (author_id,content,create_date,modify_date,subject,id) values (?,?,?,?,?,default)
Hibernate: insert into question (author_id,content,create_date,modify_date,subject,id) values (?,?,?,?,?,default)
Hibernate: insert into question (author_id,content,create_date,modify_date,subject,id) values (?,?,?,?,?,default)
Hibernate: insert into question (author_id,content,create_date,modify_date,subject,id) values (?,?,?,?,?,default)
Hibernate: insert into question (author_id,content,create_date,modify_date,subject,id) values (?,?,?,?,?,default)
Hibernate: insert into question (author_id,content,create_date,modify_date,subject,id) values (?,?,?,?,?,default)
Hibernate: insert into question (author_id,content,create_date,modify_date,subject,id) values (?,?,?,?,?,default)
Hibernate: insert into question (author_id,content,create_date,modify_date,subject,id) values (?,?,?,?,?,default)
Hibernate: insert into question (author_id,content,create_date,modify_date,subject,id) values (?,?,?,?,?,default)
Hibernate: insert into question (author_id,content,create_date,modify_date,subject,id) values (?,?,?,?,?,default)
Hibernate: insert into question (author_id,content,create_date,modify_date,subject,id) values (?,?,?,?,?,default)
Hibernate: insert into question (author_id,content,create_date,modify_date,subject,id) values (?,?,?,?,?,default)
Hibernate: insert into question (author_id,content,create_date,modify_date,subject,id) values (?,?,?,?,?,default)
Hibernate: insert into question (author_id,content,create_date,modify_date,subject,id) values (?,?,?,?,?,default)
Hibernate: insert into question (author_id,content,create_date,modify_date,subject,id) values (?,?,?,?,?,default)
Hibernate: insert into question (author_id,content,create_date,modify_date,subject,id) values (?,?,?,?,?,default)
Hibernate: insert into question (author_id,content,create_date,modify_date,subject,id) values (?,?,?,?,?,default)
Hibernate: insert into question (author_id,content,create_date,modify_date,subject,id) values (?,?,?,?,?,default)
Hibernate: insert into question (author_id,content,create_date,modify_date,subject,id) values (?,?,?,?,?,default)
Hibernate: insert into question (author_id,content,create_date,modify_date,subject,id) values (?,?,?,?,?,default)
Hibernate: insert into question (author_id,content,create_date,modify_date,subject,id) values (?,?,?,?,?,default)
Hibernate: insert into question (author_id,content,create_date,modify_date,subject,id) values (?,?,?,?,?,default)
Hibernate: insert into question (author_id,content,create_date,modify_date,subject,id) values (?,?,?,?,?,default)
Hibernate: insert into question (author_id,content,create_date,modify_date,subject,id) values (?,?,?,?,?,default)
Hibernate: insert into question (author_id,content,create_date,modify_date,subject,id) values (?,?,?,?,?,default)
Hibernate: insert into question (author_id,content,create_date,modify_date,subject,id) values (?,?,?,?,?,default)
Hibernate: insert into question (author_id,content,create_date,modify_date,subject,id) values (?,?,?,?,?,default)
Hibernate: insert into question (author_id,content,create_date,modify_date,subject,id) values (?,?,?,?,?,default)
Hibernate: insert into question (author_id,content,create_date,modify_date,subject,id) values (?,?,?,?,?,default)
Hibernate: insert into question (author_id,content,create_date,modify_date,subject,id) values (?,?,?,?,?,default)
Hibernate: insert into question (author_id,content,create_date,modify_date,subject,id) values (?,?,?,?,?,default)
Hibernate: insert into question (author_id,content,create_date,modify_date,subject,id) values (?,?,?,?,?,default)
Hibernate: insert into question (author_id,content,create_date,modify_date,subject,id) values (?,?,?,?,?,default)
Hibernate: insert into question (author_id,content,create_date,modify_date,subject,id) values (?,?,?,?,?,default)
Hibernate: insert into question (author_id,content,create_date,modify_date,subject,id) values (?,?,?,?,?,default)
Hibernate: insert into question (author_id,content,create_date,modify_date,subject,id) values (?,?,?,?,?,default)
Hibernate: insert into question (author_id,content,create_date,modify_date,subject,id) values (?,?,?,?,?,default)
Hibernate: insert into question (author_id,content,create_date,modify_date,subject,id) values (?,?,?,?,?,default)
Hibernate: insert into question (author_id,content,create_date,modify_date,subject,id) values (?,?,?,?,?,default)
Hibernate: insert into question (author_id,content,create_date,modify_date,subject,id) values (?,?,?,?,?,default)
Hibernate: insert into question (author_id,content,create_date,modify_date,subject,id) values (?,?,?,?,?,default)
Hibernate: insert into question (author_id,content,create_date,modify_date,subject,id) values (?,?,?,?,?,default)
Hibernate: insert into question (author_id,content,create_date,modify_date,subject,id) values (?,?,?,?,?,default)
Hibernate: insert into question (author_id,content,create_date,modify_date,subject,id) values (?,?,?,?,?,default)
Hibernate: insert into question (author_id,content,create_date,modify_date,subject,id) values (?,?,?,?,?,default)
Hibernate: insert into question (author_id,content,create_date,modify_date,subject,id) values (?,?,?,?,?,default)
Hibernate: insert into question (author_id,content,create_date,modify_date,subject,id) values (?,?,?,?,?,default)
Hibernate: insert into question (author_id,content,create_date,modify_date,subject,id) values (?,?,?,?,?,default)
Hibernate: insert into question (author_id,content,create_date,modify_date,subject,id) values (?,?,?,?,?,default)
Hibernate: insert into question (author_id,content,create_date,modify_date,subject,id) values (?,?,?,?,?,default)
Hibernate: insert into question (author_id,content,create_date,modify_date,subject,id) values (?,?,?,?,?,default)
Hibernate: insert into question (author_id,content,create_date,modify_date,subject,id) values (?,?,?,?,?,default)
Hibernate: insert into question (author_id,content,create_date,modify_date,subject,id) values (?,?,?,?,?,default)
Hibernate: insert into question (author_id,content,create_date,modify_date,subject,id) values (?,?,?,?,?,default)
Hibernate: insert into question (author_id,content,create_date,modify_date,subject,id) values (?,?,?,?,?,default)
Hibernate: insert into question (author_id,content,create_date,modify_date,subject,id) values (?,?,?,?,?,default)
Hibernate: insert into question (author_id,content,create_date,modify_date,subject,id) values (?,?,?,?,?,default)
Hibernate: insert into question (author_id,content,create_date,modify_date,subject,id) values (?,?,?,?,?,default)
Hibernate: insert into question (author_id,content,create_date,modify_date,subject,id) values (?,?,?,?,?,default)
Hibernate: insert into question (author_id,content,create_date,modify_date,subject,id) values (?,?,?,?,?,default)
Hibernate: insert into question (author_id,content,create_date,modify_date,subject,id) values (?,?,?,?,?,default)
Hibernate: insert into question (author_id,content,create_date,modify_date,subject,id) values (?,?,?,?,?,default)
Hibernate: insert into question (author_id,content,create_date,modify_date,subject,id) values (?,?,?,?,?,default)
Hibernate: insert into question (author_id,content,create_date,modify_date,subject,id) values (?,?,?,?,?,default)
Hibernate: insert into question (author_id,content,create_date,modify_date,subject,id) values (?,?,?,?,?,default)
Hibernate: insert into question (author_id,content,create_date,modify_date,subject,id) values (?,?,?,?,?,default)
Hibernate: insert into question (author_id,content,create_date,modify_date,subject,id) values (?,?,?,?,?,default)
Hibernate: insert into question (author_id,content,create_date,modify_date,subject,id) values (?,?,?,?,?,default)
Hibernate: insert into question (author_id,content,create_date,modify_date,subject,id) values (?,?,?,?,?,default)
Hibernate: insert into question (author_id,content,create_date,modify_date,subject,id) values (?,?,?,?,?,default)
Hibernate: insert into question (author_id,content,create_date,modify_date,subject,id) values (?,?,?,?,?,default)
Hibernate: insert into question (author_id,content,create_date,modify_date,subject,id) values (?,?,?,?,?,default)
Hibernate: insert into question (author_id,content,create_date,modify_date,subject,id) values (?,?,?,?,?,default)
Hibernate: insert into question (author_id,content,create_date,modify_date,subject,id) values (?,?,?,?,?,default)
Hibernate: insert into question (author_id,content,create_date,modify_date,subject,id) values (?,?,?,?,?,default)
Hibernate: insert into question (author_id,content,create_date,modify_date,subject,id) values (?,?,?,?,?,default)
Hibernate: insert into question (author_id,content,create_date,modify_date,subject,id) values (?,?,?,?,?,default)
Hibernate: insert into question (author_id,content,create_date,modify_date,subject,id) values (?,?,?,?,?,default)
Hibernate: insert into question (author_id,content,create_date,modify_date,subject,id) values (?,?,?,?,?,default)
Hibernate: insert into question (author_id,content,create_date,modify_date,subject,id) values (?,?,?,?,?,default)
Hibernate: insert into question (author_id,content,create_date,modify_date,subject,id) values (?,?,?,?,?,default)
Hibernate: insert into question (author_id,content,create_date,modify_date,subject,id) values (?,?,?,?,?,default)
Hibernate: insert into question (author_id,content,create_date,modify_date,subject,id) values (?,?,?,?,?,default)
Hibernate: insert into question (author_id,content,create_date,modify_date,subject,id) values (?,?,?,?,?,default)
Hibernate: insert into question (author_id,content,create_date,modify_date,subject,id) values (?,?,?,?,?,default)
Hibernate: insert into question (author_id,content,create_date,modify_date,subject,id) values (?,?,?,?,?,default)
Hibernate: insert into question (author_id,content,create_date,modify_date,subject,id) values (?,?,?,?,?,default)
Hibernate: insert into question (author_id,content,create_date,modify_date,subject,id) values (?,?,?,?,?,default)
Hibernate: insert into question (author_id,content,create_date,modify_date,subject,id) values (?,?,?,?,?,default)
Hibernate: insert into question (author_id,content,create_date,modify_date,subject,id) values (?,?,?,?,?,default)
Hibernate: insert into question (author_id,content,create_date,modify_date,subject,id) values (?,?,?,?,?,default)
Hibernate: insert into question (author_id,content,create_date,modify_date,subject,id) values (?,?,?,?,?,default)
Hibernate: insert into question (author_id,content,create_date,modify_date,subject,id) values (?,?,?,?,?,default)
Hibernate: insert into question (author_id,content,create_date,modify_date,subject,id) values (?,?,?,?,?,default)
Hibernate: insert into question (author_id,content,create_date,modify_date,subject,id) values (?,?,?,?,?,default)
Hibernate: insert into question (author_id,content,create_date,modify_date,subject,id) values (?,?,?,?,?,default)
Hibernate: insert into question (author_id,content,create_date,modify_date,subject,id) values (?,?,?,?,?,default)
Hibernate: insert into question (author_id,content,create_date,modify_date,subject,id) values (?,?,?,?,?,default)
Hibernate: insert into question (author_id,content,create_date,modify_date,subject,id) values (?,?,?,?,?,default)
Hibernate: insert into question (author_id,content,create_date,modify_date,subject,id) values (?,?,?,?,?,default)
Hibernate: insert into question (author_id,content,create_date,modify_date,subject,id) values (?,?,?,?,?,default)
Hibernate: insert into question (author_id,content,create_date,modify_date,subject,id) values (?,?,?,?,?,default)
Hibernate: insert into question (author_id,content,create_date,modify_date,subject,id) values (?,?,?,?,?,default)
Hibernate: insert into question (author_id,content,create_date,modify_date,subject,id) values (?,?,?,?,?,default)
Hibernate: insert into question (author_id,content,create_date,modify_date,subject,id) values (?,?,?,?,?,default)
Hibernate: insert into question (author_id,content,create_date,modify_date,subject,id) values (?,?,?,?,?,default)
Hibernate: insert into question (author_id,content,create_date,modify_date,subject,id) values (?,?,?,?,?,default)
Hibernate: insert into question (author_id,content,create_date,modify_date,subject,id) values (?,?,?,?,?,default)
Hibernate: insert into question (author_id,content,create_date,modify_date,subject,id) values (?,?,?,?,?,default)
Hibernate: insert into question (author_id,content,create_date,modify_date,subject,id) values (?,?,?,?,?,default)
Hibernate: insert into question (author_id,content,create_date,modify_date,subject,id) values (?,?,?,?,?,default)
Hibernate: insert into question (author_id,content,create_date,modify_date,subject,id) values (?,?,?,?,?,default)
Hibernate: insert into question (author_id,content,create_date,modify_date,subject,id) values (?,?,?,?,?,default)
Hibernate: insert into question (author_id,content,create_date,modify_date,subject,id) values (?,?,?,?,?,default)
Hibernate: insert into question (author_id,content,create_date,modify_date,subject,id) values (?,?,?,?,?,default)
Hibernate: insert into question (author_id,content,create_date,modify_date,subject,id) values (?,?,?,?,?,default)
Hibernate: insert into question (author_id,content,create_date,modify_date,subject,id) values (?,?,?,?,?,default)
Hibernate: insert into question (author_id,content,create_date,modify_date,subject,id) values (?,?,?,?,?,default)
Hibernate: insert into question (author_id,content,create_date,modify_date,subject,id) values (?,?,?,?,?,default)
Hibernate: insert into question (author_id,content,create_date,modify_date,subject,id) values (?,?,?,?,?,default)
Hibernate: insert into question (author_id,content,create_date,modify_date,subject,id) values (?,?,?,?,?,default)
Hibernate: insert into question (author_id,content,create_date,modify_date,subject,id) values (?,?,?,?,?,default)
Hibernate: insert into question (author_id,content,create_date,modify_date,subject,id) values (?,?,?,?,?,default)
Hibernate: insert into question (author_id,content,create_date,modify_date,subject,id) values (?,?,?,?,?,default)
Hibernate: insert into question (author_id,content,create_date,modify_date,subject,id) values (?,?,?,?,?,default)
Hibernate: insert into question (author_id,content,create_date,modify_date,subject,id) values (?,?,?,?,?,default)
Hibernate: insert into question (author_id,content,create_date,modify_date,subject,id) values (?,?,?,?,?,default)
Hibernate: insert into question (author_id,content,create_date,modify_date,subject,id) values (?,?,?,?,?,default)
Hibernate: insert into question (author_id,content,create_date,modify_date,subject,id) values (?,?,?,?,?,default)
Hibernate: insert into question (author_id,content,create_date,modify_date,subject,id) values (?,?,?,?,?,default)
Hibernate: insert into question (author_id,content,create_date,modify_date,subject,id) values (?,?,?,?,?,default)
Hibernate: insert into question (author_id,content,create_date,modify_date,subject,id) values (?,?,?,?,?,default)
Hibernate: insert into question (author_id,content,create_date,modify_date,subject,id) values (?,?,?,?,?,default)
Hibernate: insert into question (author_id,content,create_date,modify_date,subject,id) values (?,?,?,?,?,default)
Hibernate: insert into question (author_id,content,create_date,modify_date,subject,id) values (?,?,?,?,?,default)
Hibernate: insert into question (author_id,content,create_date,modify_date,subject,id) values (?,?,?,?,?,default)
Hibernate: insert into question (author_id,content,create_date,modify_date,subject,id) values (?,?,?,?,?,default)
Hibernate: insert into question (author_id,content,create_date,modify_date,subject,id) values (?,?,?,?,?,default)
Hibernate: insert into question (author_id,content,create_date,modify_date,subject,id) values (?,?,?,?,?,default)
Hibernate: insert into question (author_id,content,create_date,modify_date,subject,id) values (?,?,?,?,?,default)
Hibernate: insert into question (author_id,content,create_date,modify_date,subject,id) values (?,?,?,?,?,default)
Hibernate: insert into question (author_id,content,create_date,modify_date,subject,id) values (?,?,?,?,?,default)
Hibernate: insert into question (author_id,content,create_date,modify_date,subject,id) values (?,?,?,?,?,default)
Hibernate: insert into question (author_id,content,create_date,modify_date,subject,id) values (?,?,?,?,?,default)
Hibernate: insert into question (author_id,content,create_date,modify_date,subject,id) values (?,?,?,?,?,default)
Hibernate: insert into question (author_id,content,create_date,modify_date,subject,id) values (?,?,?,?,?,default)
Hibernate: insert into question (author_id,content,create_date,modify_date,subject,id) values (?,?,?,?,?,default)
Hibernate: insert into question (author_id,content,create_date,modify_date,subject,id) values (?,?,?,?,?,default)
Hibernate: insert into question (author_id,content,create_date,modify_date,subject,id) values (?,?,?,?,?,default)
Hibernate: insert into question (author_id,content,create_date,modify_date,subject,id) values (?,?,?,?,?,default)
Hibernate: insert into question (author_id,content,create_date,modify_date,subject,id) values (?,?,?,?,?,default)
Hibernate: insert into question (author_id,content,create_date,modify_date,subject,id) values (?,?,?,?,?,default)
Hibernate: insert into question (author_id,content,create_date,modify_date,subject,id) values (?,?,?,?,?,default)
Hibernate: insert into question (author_id,content,create_date,modify_date,subject,id) values (?,?,?,?,?,default)
Hibernate: insert into question (author_id,content,create_date,modify_date,subject,id) values (?,?,?,?,?,default)
Hibernate: insert into question (author_id,content,create_date,modify_date,subject,id) values (?,?,?,?,?,default)
Hibernate: insert into question (author_id,content,create_date,modify_date,subject,id) values (?,?,?,?,?,default)
Hibernate: insert into question (author_id,content,create_date,modify_date,subject,id) values (?,?,?,?,?,default)
Hibernate: insert into question (author_id,content,create_date,modify_date,subject,id) values (?,?,?,?,?,default)
Hibernate: insert into question (author_id,content,create_date,modify_date,subject,id) values (?,?,?,?,?,default)
Hibernate: insert into question (author_id,content,create_date,modify_date,subject,id) values (?,?,?,?,?,default)
Hibernate: insert into question (author_id,content,create_date,modify_date,subject,id) values (?,?,?,?,?,default)
Hibernate: insert into question (author_id,content,create_date,modify_date,subject,id) values (?,?,?,?,?,default)
Hibernate: insert into question (author_id,content,create_date,modify_date,subject,id) values (?,?,?,?,?,default)
Hibernate: insert into question (author_id,content,create_date,modify_date,subject,id) values (?,?,?,?,?,default)
Hibernate: insert into question (author_id,content,create_date,modify_date,subject,id) values (?,?,?,?,?,default)
Hibernate: insert into question (author_id,content,create_date,modify_date,subject,id) values (?,?,?,?,?,default)
Hibernate: insert into question (author_id,content,create_date,modify_date,subject,id) values (?,?,?,?,?,default)
Hibernate: insert into question (author_id,content,create_date,modify_date,subject,id) values (?,?,?,?,?,default)
Hibernate: insert into question (author_id,content,create_date,modify_date,subject,id) values (?,?,?,?,?,default)
Hibernate: insert into question (author_id,content,create_date,modify_date,subject,id) values (?,?,?,?,?,default)
Hibernate: insert into question (author_id,content,create_date,modify_date,subject,id) values (?,?,?,?,?,default)
Hibernate: insert into question (author_id,content,create_date,modify_date,subject,id) values (?,?,?,?,?,default)
Hibernate: insert into question (author_id,content,create_date,modify_date,subject,id) values (?,?,?,?,?,default)
Hibernate: insert into question (author_id,content,create_date,modify_date,subject,id) values (?,?,?,?,?,default)
Hibernate: insert into question (author_id,content,create_date,modify_date,subject,id) values (?,?,?,?,?,default)
Hibernate: insert into question (author_id,content,create_date,modify_date,subject,id) values (?,?,?,?,?,default)
Hibernate: insert into question (author_id,content,create_date,modify_date,subject,id) values (?,?,?,?,?,default)
Hibernate: insert into question (author_id,content,create_date,modify_date,subject,id) values (?,?,?,?,?,default)
Hibernate: insert into question (author_id,content,create_date,modify_date,subject,id) values (?,?,?,?,?,default)
Hibernate: insert into question (author_id,content,create_date,modify_date,subject,id) values (?,?,?,?,?,default)
Hibernate: insert into question (author_id,content,create_date,modify_date,subject,id) values (?,?,?,?,?,default)
Hibernate: insert into question (author_id,content,create_date,modify_date,subject,id) values (?,?,?,?,?,default)
Hibernate: insert into question (author_id,content,create_date,modify_date,subject,id) values (?,?,?,?,?,default)
Hibernate: insert into question (author_id,content,create_date,modify_date,subject,id) values (?,?,?,?,?,default)
Hibernate: insert into question (author_id,content,create_date,modify_date,subject,id) values (?,?,?,?,?,default)
Hibernate: insert into question (author_id,content,create_date,modify_date,subject,id) values (?,?,?,?,?,default)
Hibernate: insert into question (author_id,content,create_date,modify_date,subject,id) values (?,?,?,?,?,default)
Hibernate: insert into question (author_id,content,create_date,modify_date,subject,id) values (?,?,?,?,?,default)
Hibernate: insert into question (author_id,content,create_date,modify_date,subject,id) values (?,?,?,?,?,default)
Hibernate: insert into question (author_id,content,create_date,modify_date,subject,id) values (?,?,?,?,?,default)
Hibernate: insert into question (author_id,content,create_date,modify_date,subject,id) values (?,?,?,?,?,default)
Hibernate: insert into question (author_id,content,create_date,modify_date,subject,id) values (?,?,?,?,?,default)
Hibernate: insert into question (author_id,content,create_date,modify_date,subject,id) values (?,?,?,?,?,default)
Hibernate: insert into question (author_id,content,create_date,modify_date,subject,id) values (?,?,?,?,?,default)
Hibernate: insert into question (author_id,content,create_date,modify_date,subject,id) values (?,?,?,?,?,default)
Hibernate: insert into question (author_id,content,create_date,modify_date,subject,id) values (?,?,?,?,?,default)
Hibernate: insert into question (author_id,content,create_date,modify_date,subject,id) values (?,?,?,?,?,default)
Hibernate: insert into question (author_id,content,create_date,modify_date,subject,id) values (?,?,?,?,?,default)
Hibernate: insert into question (author_id,content,create_date,modify_date,subject,id) values (?,?,?,?,?,default)
Hibernate: insert into question (author_id,content,create_date,modify_date,subject,id) values (?,?,?,?,?,default)
Hibernate: insert into question (author_id,content,create_date,modify_date,subject,id) values (?,?,?,?,?,default)
Hibernate: insert into question (author_id,content,create_date,modify_date,subject,id) values (?,?,?,?,?,default)
Hibernate: insert into question (author_id,content,create_date,modify_date,subject,id) values (?,?,?,?,?,default)
Hibernate: insert into question (author_id,content,create_date,modify_date,subject,id) values (?,?,?,?,?,default)
Hibernate: insert into question (author_id,content,create_date,modify_date,subject,id) values (?,?,?,?,?,default)
Hibernate: insert into question (author_id,content,create_date,modify_date,subject,id) values (?,?,?,?,?,default)
Hibernate: insert into question (author_id,content,create_date,modify_date,subject,id) values (?,?,?,?,?,default)
Hibernate: insert into question (author_id,content,create_date,modify_date,subject,id) values (?,?,?,?,?,default)
Hibernate: insert into question (author_id,content,create_date,modify_date,subject,id) values (?,?,?,?,?,default)
Hibernate: insert into question (author_id,content,create_date,modify_date,subject,id) values (?,?,?,?,?,default)
Hibernate: insert into question (author_id,content,create_date,modify_date,subject,id) values (?,?,?,?,?,default)
Hibernate: insert into question (author_id,content,create_date,modify_date,subject,id) values (?,?,?,?,?,default)
Hibernate: insert into question (author_id,content,create_date,modify_date,subject,id) values (?,?,?,?,?,default)
Hibernate: insert into question (author_id,content,create_date,modify_date,subject,id) values (?,?,?,?,?,default)
Hibernate: insert into question (author_id,content,create_date,modify_date,subject,id) values (?,?,?,?,?,default)
Hibernate: insert into question (author_id,content,create_date,modify_date,subject,id) values (?,?,?,?,?,default)
Hibernate: insert into question (author_id,content,create_date,modify_date,subject,id) values (?,?,?,?,?,default)
Hibernate: insert into question (author_id,content,create_date,modify_date,subject,id) values (?,?,?,?,?,default)
Hibernate: insert into question (author_id,content,create_date,modify_date,subject,id) values (?,?,?,?,?,default)
Hibernate: insert into question (author_id,content,create_date,modify_date,subject,id) values (?,?,?,?,?,default)
Hibernate: insert into question (author_id,content,create_date,modify_date,subject,id) values (?,?,?,?,?,default)
Hibernate: insert into question (author_id,content,create_date,modify_date,subject,id) values (?,?,?,?,?,default)
Hibernate: insert into question (author_id,content,create_date,modify_date,subject,id) values (?,?,?,?,?,default)
Hibernate: insert into question (author_id,content,create_date,modify_date,subject,id) values (?,?,?,?,?,default)
Hibernate: insert into question (author_id,content,create_date,modify_date,subject,id) values (?,?,?,?,?,default)
Hibernate: insert into question (author_id,content,create_date,modify_date,subject,id) values (?,?,?,?,?,default)
Hibernate: insert into question (author_id,content,create_date,modify_date,subject,id) values (?,?,?,?,?,default)
Hibernate: insert into question (author_id,content,create_date,modify_date,subject,id) values (?,?,?,?,?,default)
Hibernate: insert into question (author_id,content,create_date,modify_date,subject,id) values (?,?,?,?,?,default)
Hibernate: insert into question (author_id,content,create_date,modify_date,subject,id) values (?,?,?,?,?,default)
Hibernate: insert into question (author_id,content,create_date,modify_date,subject,id) values (?,?,?,?,?,default)
Hibernate: insert into question (author_id,content,create_date,modify_date,subject,id) values (?,?,?,?,?,default)
Hibernate: insert into question (author_id,content,create_date,modify_date,subject,id) values (?,?,?,?,?,default)
Hibernate: insert into question (author_id,content,create_date,modify_date,subject,id) values (?,?,?,?,?,default)
Hibernate: insert into question (author_id,content,create_date,modify_date,subject,id) values (?,?,?,?,?,default)
Hibernate: insert into question (author_id,content,create_date,modify_date,subject,id) values (?,?,?,?,?,default)
Hibernate: insert into question (author_id,content,create_date,modify_date,subject,id) values (?,?,?,?,?,default)
Hibernate: insert into question (author_id,content,create_date,modify_date,subject,id) values (?,?,?,?,?,default)
Hibernate: insert into question (author_id,content,create_date,modify_date,subject,id) values (?,?,?,?,?,default)
Hibernate: insert into question (author_id,content,create_date,modify_date,subject,id) values (?,?,?,?,?,default)
Hibernate: insert into question (author_id,content,create_date,modify_date,subject,id) values (?,?,?,?,?,default)
Hibernate: insert into question (author_id,content,create_date,modify_date,subject,id) values (?,?,?,?,?,default)
Hibernate: insert into question (author_id,content,create_date,modify_date,subject,id) values (?,?,?,?,?,default)
Hibernate: insert into question (author_id,content,create_date,modify_date,subject,id) values (?,?,?,?,?,default)
Hibernate: insert into question (author_id,content,create_date,modify_date,subject,id) values (?,?,?,?,?,default)
Hibernate: insert into question (author_id,content,create_date,modify_date,subject,id) values (?,?,?,?,?,default)
Hibernate: insert into question (author_id,content,create_date,modify_date,subject,id) values (?,?,?,?,?,default)
Hibernate: insert into question (author_id,content,create_date,modify_date,subject,id) values (?,?,?,?,?,default)
Hibernate: insert into question (author_id,content,create_date,modify_date,subject,id) values (?,?,?,?,?,default)
Hibernate: insert into question (author_id,content,create_date,modify_date,subject,id) values (?,?,?,?,?,default)
Hibernate: insert into question (author_id,content,create_date,modify_date,subject,id) values (?,?,?,?,?,default)
Hibernate: insert into question (author_id,content,create_date,modify_date,subject,id) values (?,?,?,?,?,default)
Hibernate: insert into question (author_id,content,create_date,modify_date,subject,id) values (?,?,?,?,?,default)
Hibernate: insert into question (author_id,content,create_date,modify_date,subject,id) values (?,?,?,?,?,default)
Hibernate: insert into question (author_id,content,create_date,modify_date,subject,id) values (?,?,?,?,?,default)
Hibernate: insert into question (author_id,content,create_date,modify_date,subject,id) values (?,?,?,?,?,default)
Hibernate: insert into question (author_id,content,create_date,modify_date,subject,id) values (?,?,?,?,?,default)
Hibernate: insert into question (author_id,content,create_date,modify_date,subject,id) values (?,?,?,?,?,default)
Hibernate: insert into question (author_id,content,create_date,modify_date,subject,id) values (?,?,?,?,?,default)
Hibernate: insert into question (author_id,content,create_date,modify_date,subject,id) values (?,?,?,?,?,default)
Hibernate: insert into question (author_id,content,create_date,modify_date,subject,id) values (?,?,?,?,?,default)
Hibernate: insert into question (author_id,content,create_date,modify_date,subject,id) values (?,?,?,?,?,default)
Hibernate: insert into question (author_id,content,create_date,modify_date,subject,id) values (?,?,?,?,?,default)
Hibernate: insert into question (author_id,content,create_date,modify_date,subject,id) values (?,?,?,?,?,default)
Hibernate: insert into question (author_id,content,create_date,modify_date,subject,id) values (?,?,?,?,?,default)
Hibernate: insert into question (author_id,content,create_date,modify_date,subject,id) values (?,?,?,?,?,default)
Hibernate: insert into question (author_id,content,create_date,modify_date,subject,id) values (?,?,?,?,?,default)
Hibernate: insert into question (author_id,content,create_date,modify_date,subject,id) values (?,?,?,?,?,default)
Hibernate: insert into question (author_id,content,create_date,modify_date,subject,id) values (?,?,?,?,?,default)
Hibernate: insert into question (author_id,content,create_date,modify_date,subject,id) values (?,?,?,?,?,default)
Hibernate: insert into question (author_id,content,create_date,modify_date,subject,id) values (?,?,?,?,?,default)
Hibernate: insert into question (author_id,content,create_date,modify_date,subject,id) values (?,?,?,?,?,default)
Hibernate: insert into question (author_id,content,create_date,modify_date,subject,id) values (?,?,?,?,?,default)
Hibernate: insert into question (author_id,content,create_date,modify_date,subject,id) values (?,?,?,?,?,default)
Hibernate: insert into question (author_id,content,create_date,modify_date,subject,id) values (?,?,?,?,?,default)
]]></system-out>
  <system-err><![CDATA[WARNING: A Java agent has been loaded dynamically (C:\Users\njwwn\.gradle\caches\modules-2\files-2.1\net.bytebuddy\byte-buddy-agent\1.14.10\90ed94ac044ea8953b224304c762316e91fd6b31\byte-buddy-agent-1.14.10.jar)
WARNING: If a serviceability tool is in use, please run with -XX:+EnableDynamicAgentLoading to hide this warning
WARNING: If a serviceability tool is not in use, please run with -Djdk.instrument.traceUsage for more information
WARNING: Dynamic loading of agents will be disallowed by default in a future release
]]></system-err>
</testsuite>
